<?xml version="1.0" encoding="UTF-8" ?>
<testsuite failures="0" time="0.051" errors="0" skipped="0" tests="1" name="edu.uci.ics.pregelix.AppTest">
  <properties>
    <property name="java.runtime.name" value="Java(TM) SE Runtime Environment"/>
    <property name="sun.boot.library.path" value="/Library/Java/JavaVirtualMachines/jdk1.7.0_51.jdk/Contents/Home/jre/lib"/>
    <property name="java.vm.version" value="24.51-b03"/>
    <property name="gopherProxySet" value="false"/>
    <property name="java.vm.vendor" value="Oracle Corporation"/>
    <property name="java.vendor.url" value="http://java.oracle.com/"/>
    <property name="path.separator" value=":"/>
    <property name="java.vm.name" value="Java HotSpot(TM) 64-Bit Server VM"/>
    <property name="file.encoding.pkg" value="sun.io"/>
    <property name="java.util.logging.config.file" value="src/test/resources/logging.properties"/>
    <property name="user.country" value="US"/>
    <property name="sun.java.launcher" value="SUN_STANDARD"/>
    <property name="sun.os.patch.level" value="unknown"/>
    <property name="java.vm.specification.name" value="Java Virtual Machine Specification"/>
    <property name="user.dir" value="/Users/liqiangw/Documents/workspace/Pregelix_Social_Graph"/>
    <property name="java.runtime.version" value="1.7.0_51-b13"/>
    <property name="java.awt.graphicsenv" value="sun.awt.CGraphicsEnvironment"/>
    <property name="basedir" value="/Users/liqiangw/Documents/workspace/Pregelix_Social_Graph"/>
    <property name="java.endorsed.dirs" value="/Library/Java/JavaVirtualMachines/jdk1.7.0_51.jdk/Contents/Home/jre/lib/endorsed"/>
    <property name="os.arch" value="x86_64"/>
    <property name="java.io.tmpdir" value="/var/folders/lx/px69ypj177n2b104cf_4rxbc0000gn/T/"/>
    <property name="line.separator" value="
"/>
    <property name="java.vm.specification.vendor" value="Oracle Corporation"/>
    <property name="os.name" value="Mac OS X"/>
    <property name="sun.jnu.encoding" value="UTF-8"/>
    <property name="java.library.path" value="/Users/liqiangw/Library/Java/Extensions:/Library/Java/Extensions:/Network/Library/Java/Extensions:/System/Library/Java/Extensions:/usr/lib/java:."/>
    <property name="surefire.test.class.path" value="/Users/liqiangw/Documents/workspace/Pregelix_Social_Graph/target/test-classes:/Users/liqiangw/Documents/workspace/Pregelix_Social_Graph/target/classes:/Users/liqiangw/.m2/repository/edu/uci/ics/hyracks/pregelix-core/0.2.9/pregelix-core-0.2.9.jar:/Users/liqiangw/.m2/repository/edu/uci/ics/hyracks/pregelix-api/0.2.9/pregelix-api-0.2.9.jar:/Users/liqiangw/.m2/repository/edu/uci/ics/hyracks/hyracks-hdfs-core/0.2.9/hyracks-hdfs-core-0.2.9.jar:/Users/liqiangw/.m2/repository/edu/uci/ics/hyracks/hyracks-hdfs-0.20.2/0.2.9/hyracks-hdfs-0.20.2-0.2.9.jar:/Users/liqiangw/.m2/repository/org/apache/hadoop/hadoop-core/0.20.2/hadoop-core-0.20.2.jar:/Users/liqiangw/.m2/repository/commons-cli/commons-cli/1.2/commons-cli-1.2.jar:/Users/liqiangw/.m2/repository/xmlenc/xmlenc/0.52/xmlenc-0.52.jar:/Users/liqiangw/.m2/repository/commons-httpclient/commons-httpclient/3.0.1/commons-httpclient-3.0.1.jar:/Users/liqiangw/.m2/repository/commons-net/commons-net/1.4.1/commons-net-1.4.1.jar:/Users/liqiangw/.m2/repository/org/mortbay/jetty/jetty/6.1.14/jetty-6.1.14.jar:/Users/liqiangw/.m2/repository/org/mortbay/jetty/jetty-util/6.1.14/jetty-util-6.1.14.jar:/Users/liqiangw/.m2/repository/tomcat/jasper-runtime/5.5.12/jasper-runtime-5.5.12.jar:/Users/liqiangw/.m2/repository/tomcat/jasper-compiler/5.5.12/jasper-compiler-5.5.12.jar:/Users/liqiangw/.m2/repository/org/mortbay/jetty/jsp-api-2.1/6.1.14/jsp-api-2.1-6.1.14.jar:/Users/liqiangw/.m2/repository/org/mortbay/jetty/jsp-2.1/6.1.14/jsp-2.1-6.1.14.jar:/Users/liqiangw/.m2/repository/ant/ant/1.6.5/ant-1.6.5.jar:/Users/liqiangw/.m2/repository/commons-el/commons-el/1.0/commons-el-1.0.jar:/Users/liqiangw/.m2/repository/net/java/dev/jets3t/jets3t/0.7.1/jets3t-0.7.1.jar:/Users/liqiangw/.m2/repository/org/mortbay/jetty/servlet-api-2.5/6.1.14/servlet-api-2.5-6.1.14.jar:/Users/liqiangw/.m2/repository/net/sf/kosmosfs/kfs/0.3/kfs-0.3.jar:/Users/liqiangw/.m2/repository/hsqldb/hsqldb/1.8.0.10/hsqldb-1.8.0.10.jar:/Users/liqiangw/.m2/repository/oro/oro/2.0.8/oro-2.0.8.jar:/Users/liqiangw/.m2/repository/org/eclipse/jdt/core/3.1.1/core-3.1.1.jar:/Users/liqiangw/.m2/repository/org/apache/hadoop/hadoop-test/0.20.2/hadoop-test-0.20.2.jar:/Users/liqiangw/.m2/repository/org/apache/ftpserver/ftplet-api/1.0.0/ftplet-api-1.0.0.jar:/Users/liqiangw/.m2/repository/org/apache/mina/mina-core/2.0.0-M5/mina-core-2.0.0-M5.jar:/Users/liqiangw/.m2/repository/org/apache/ftpserver/ftpserver-core/1.0.0/ftpserver-core-1.0.0.jar:/Users/liqiangw/.m2/repository/org/apache/ftpserver/ftpserver-deprecated/1.0.0-M2/ftpserver-deprecated-1.0.0-M2.jar:/Users/liqiangw/.m2/repository/edu/uci/ics/hyracks/pregelix-dataflow-std/0.2.9/pregelix-dataflow-std-0.2.9.jar:/Users/liqiangw/.m2/repository/edu/uci/ics/hyracks/pregelix-dataflow-std-base/0.2.9/pregelix-dataflow-std-base-0.2.9.jar:/Users/liqiangw/.m2/repository/edu/uci/ics/hyracks/hyracks-storage-am-lsm-btree/0.2.9/hyracks-storage-am-lsm-btree-0.2.9.jar:/Users/liqiangw/.m2/repository/edu/uci/ics/hyracks/hyracks-storage-am-bloomfilter/0.2.9/hyracks-storage-am-bloomfilter-0.2.9.jar:/Users/liqiangw/.m2/repository/edu/uci/ics/hyracks/pregelix-dataflow/0.2.9/pregelix-dataflow-0.2.9.jar:/Users/liqiangw/.m2/repository/edu/uci/ics/hyracks/hyracks-storage-am-lsm-common/0.2.9/hyracks-storage-am-lsm-common-0.2.9.jar:/Users/liqiangw/.m2/repository/edu/uci/ics/hyracks/hyracks-dataflow-std/0.2.9/hyracks-dataflow-std-0.2.9.jar:/Users/liqiangw/.m2/repository/commons-io/commons-io/2.4/commons-io-2.4.jar:/Users/liqiangw/.m2/repository/edu/uci/ics/hyracks/pregelix-runtime/0.2.9/pregelix-runtime-0.2.9.jar:/Users/liqiangw/.m2/repository/edu/uci/ics/hyracks/hyracks-api/0.2.9/hyracks-api-0.2.9.jar:/Users/liqiangw/.m2/repository/org/json/json/20090211/json-20090211.jar:/Users/liqiangw/.m2/repository/org/apache/httpcomponents/httpclient/4.1-alpha2/httpclient-4.1-alpha2.jar:/Users/liqiangw/.m2/repository/org/apache/httpcomponents/httpcore/4.1-beta1/httpcore-4.1-beta1.jar:/Users/liqiangw/.m2/repository/commons-logging/commons-logging/1.1.1/commons-logging-1.1.1.jar:/Users/liqiangw/.m2/repository/commons-codec/commons-codec/1.4/commons-codec-1.4.jar:/Users/liqiangw/.m2/repository/args4j/args4j/2.0.12/args4j-2.0.12.jar:/Users/liqiangw/.m2/repository/org/apache/commons/commons-lang3/3.1/commons-lang3-3.1.jar:/Users/liqiangw/.m2/repository/edu/uci/ics/hyracks/hyracks-dataflow-common/0.2.9/hyracks-dataflow-common-0.2.9.jar:/Users/liqiangw/.m2/repository/edu/uci/ics/hyracks/hyracks-data-std/0.2.9/hyracks-data-std-0.2.9.jar:/Users/liqiangw/.m2/repository/edu/uci/ics/hyracks/hyracks-storage-am-common/0.2.9/hyracks-storage-am-common-0.2.9.jar:/Users/liqiangw/.m2/repository/edu/uci/ics/hyracks/hyracks-storage-common/0.2.9/hyracks-storage-common-0.2.9.jar:/Users/liqiangw/.m2/repository/edu/uci/ics/hyracks/hyracks-storage-am-btree/0.2.9/hyracks-storage-am-btree-0.2.9.jar:/Users/liqiangw/.m2/repository/edu/uci/ics/hyracks/hyracks-control-cc/0.2.9/hyracks-control-cc-0.2.9.jar:/Users/liqiangw/.m2/repository/edu/uci/ics/hyracks/hyracks-control-common/0.2.9/hyracks-control-common-0.2.9.jar:/Users/liqiangw/.m2/repository/org/eclipse/jetty/jetty-server/8.0.0.RC0/jetty-server-8.0.0.RC0.jar:/Users/liqiangw/.m2/repository/org/mortbay/jetty/servlet-api/3.0.20100224/servlet-api-3.0.20100224.jar:/Users/liqiangw/.m2/repository/org/eclipse/jetty/jetty-continuation/8.0.0.RC0/jetty-continuation-8.0.0.RC0.jar:/Users/liqiangw/.m2/repository/org/eclipse/jetty/jetty-http/8.0.0.RC0/jetty-http-8.0.0.RC0.jar:/Users/liqiangw/.m2/repository/org/eclipse/jetty/jetty-io/8.0.0.RC0/jetty-io-8.0.0.RC0.jar:/Users/liqiangw/.m2/repository/org/eclipse/jetty/jetty-webapp/8.0.0.RC0/jetty-webapp-8.0.0.RC0.jar:/Users/liqiangw/.m2/repository/org/eclipse/jetty/jetty-xml/8.0.0.RC0/jetty-xml-8.0.0.RC0.jar:/Users/liqiangw/.m2/repository/org/eclipse/jetty/jetty-util/8.0.0.RC0/jetty-util-8.0.0.RC0.jar:/Users/liqiangw/.m2/repository/org/eclipse/jetty/jetty-servlet/8.0.0.RC0/jetty-servlet-8.0.0.RC0.jar:/Users/liqiangw/.m2/repository/org/eclipse/jetty/jetty-security/8.0.0.RC0/jetty-security-8.0.0.RC0.jar:/Users/liqiangw/.m2/repository/org/apache/wicket/wicket-core/1.5.2/wicket-core-1.5.2.jar:/Users/liqiangw/.m2/repository/org/apache/wicket/wicket-util/1.5.2/wicket-util-1.5.2.jar:/Users/liqiangw/.m2/repository/org/apache/wicket/wicket-request/1.5.2/wicket-request-1.5.2.jar:/Users/liqiangw/.m2/repository/org/slf4j/slf4j-api/1.6.1/slf4j-api-1.6.1.jar:/Users/liqiangw/.m2/repository/org/slf4j/slf4j-jcl/1.6.3/slf4j-jcl-1.6.3.jar:/Users/liqiangw/.m2/repository/edu/uci/ics/hyracks/hyracks-control-nc/0.2.9/hyracks-control-nc-0.2.9.jar:/Users/liqiangw/.m2/repository/edu/uci/ics/hyracks/hyracks-net/0.2.9/hyracks-net-0.2.9.jar:/Users/liqiangw/.m2/repository/edu/uci/ics/hyracks/hyracks-comm/0.2.9/hyracks-comm-0.2.9.jar:/Users/liqiangw/.m2/repository/javax/servlet/javax.servlet-api/3.0.1/javax.servlet-api-3.0.1.jar:/Users/liqiangw/.m2/repository/edu/uci/ics/hyracks/hyracks-ipc/0.2.9/hyracks-ipc-0.2.9.jar:/Users/liqiangw/.m2/repository/edu/uci/ics/hyracks/pregelix-example/0.2.9/pregelix-example-0.2.9.jar:/Users/liqiangw/.m2/repository/com/google/collections/google-collections/1.0/google-collections-1.0.jar:/Users/liqiangw/.m2/repository/junit/junit/4.8.1/junit-4.8.1.jar:"/>
    <property name="java.specification.name" value="Java Platform API Specification"/>
    <property name="java.class.version" value="51.0"/>
    <property name="sun.management.compiler" value="HotSpot 64-Bit Tiered Compilers"/>
    <property name="os.version" value="10.9.2"/>
    <property name="http.nonProxyHosts" value="local|*.local|169.254/16|*.169.254/16"/>
    <property name="user.home" value="/Users/liqiangw"/>
    <property name="user.timezone" value=""/>
    <property name="java.awt.printerjob" value="sun.lwawt.macosx.CPrinterJob"/>
    <property name="java.specification.version" value="1.7"/>
    <property name="file.encoding" value="UTF-8"/>
    <property name="user.name" value="liqiangw"/>
    <property name="java.class.path" value="/Users/liqiangw/Documents/workspace/Pregelix_Social_Graph/target/surefire/surefirebooter7420983548231829997.jar"/>
    <property name="java.vm.specification.version" value="1.7"/>
    <property name="sun.arch.data.model" value="64"/>
    <property name="java.home" value="/Library/Java/JavaVirtualMachines/jdk1.7.0_51.jdk/Contents/Home/jre"/>
    <property name="sun.java.command" value="/Users/liqiangw/Documents/workspace/Pregelix_Social_Graph/target/surefire/surefirebooter7420983548231829997.jar /Users/liqiangw/Documents/workspace/Pregelix_Social_Graph/target/surefire/surefire8591001983267808548tmp /Users/liqiangw/Documents/workspace/Pregelix_Social_Graph/target/surefire/surefire2587936306209806667tmp"/>
    <property name="java.specification.vendor" value="Oracle Corporation"/>
    <property name="user.language" value="en"/>
    <property name="awt.toolkit" value="sun.lwawt.macosx.LWCToolkit"/>
    <property name="java.vm.info" value="mixed mode"/>
    <property name="java.version" value="1.7.0_51"/>
    <property name="java.ext.dirs" value="/Users/liqiangw/Library/Java/Extensions:/Library/Java/JavaVirtualMachines/jdk1.7.0_51.jdk/Contents/Home/jre/lib/ext:/Library/Java/Extensions:/Network/Library/Java/Extensions:/System/Library/Java/Extensions:/usr/lib/java"/>
    <property name="sun.boot.class.path" value="/Library/Java/JavaVirtualMachines/jdk1.7.0_51.jdk/Contents/Home/jre/lib/resources.jar:/Library/Java/JavaVirtualMachines/jdk1.7.0_51.jdk/Contents/Home/jre/lib/rt.jar:/Library/Java/JavaVirtualMachines/jdk1.7.0_51.jdk/Contents/Home/jre/lib/sunrsasign.jar:/Library/Java/JavaVirtualMachines/jdk1.7.0_51.jdk/Contents/Home/jre/lib/jsse.jar:/Library/Java/JavaVirtualMachines/jdk1.7.0_51.jdk/Contents/Home/jre/lib/jce.jar:/Library/Java/JavaVirtualMachines/jdk1.7.0_51.jdk/Contents/Home/jre/lib/charsets.jar:/Library/Java/JavaVirtualMachines/jdk1.7.0_51.jdk/Contents/Home/jre/lib/jfr.jar:/Library/Java/JavaVirtualMachines/jdk1.7.0_51.jdk/Contents/Home/jre/classes"/>
    <property name="java.vendor" value="Oracle Corporation"/>
    <property name="localRepository" value="/Users/liqiangw/.m2/repository"/>
    <property name="file.separator" value="/"/>
    <property name="java.vendor.url.bug" value="http://bugreport.sun.com/bugreport/"/>
    <property name="sun.cpu.endian" value="little"/>
    <property name="sun.io.unicode.encoding" value="UnicodeBig"/>
    <property name="socksNonProxyHosts" value="local|*.local|169.254/16|*.169.254/16"/>
    <property name="ftp.nonProxyHosts" value="local|*.local|169.254/16|*.169.254/16"/>
    <property name="sun.cpu.isalist" value=""/>
  </properties>
  <testcase time="0.002" classname="edu.uci.ics.pregelix.AppTest" name="testApp"/>
</testsuite>